<?xml version="1.0" encoding="UTF-8"?>
<!-- Generated by org.testng.reporters.JUnitReportReporter -->
<testsuite hostname="Asus-Made" failures="0" tests="1" name="com.globant.automation.test.GetUserTest" time="2.355" errors="0" timestamp="2025-06-17T02:10:36 COT" skipped="0">
  <testcase classname="com.globant.automation.test.GetUserTest" name="userFoundAssertion" time="2.355"/>
  <system-out/>
</testsuite> <!-- com.globant.automation.test.GetUserTest -->
